#
# A fatal error has been detected by the Java Runtime Environment:
#
#  EXCEPTION_ACCESS_VIOLATION (0xc0000005) at pc=0x00007ffa94f89a4c, pid=5708, tid=11808
#
# JRE version: Java(TM) SE Runtime Environment 18.9 (11.0.8+10) (build 11.0.8+10-LTS)
# Java VM: Java HotSpot(TM) 64-Bit Server VM 18.9 (11.0.8+10-LTS, mixed mode, tiered, compressed oops, g1 gc, windows-amd64)
# Problematic frame:
# V  [jvm.dll+0x319a4c]
#
# No core dump will be written. Minidumps are not enabled by default on client versions of Windows
#
# If you would like to submit a bug report, please visit:
#   https://bugreport.java.com/bugreport/crash.jsp
#

---------------  S U M M A R Y ------------

Command Line: -agentlib:jdwp=transport=dt_socket,suspend=y,address=localhost:59951 -javaagent:C:\Users\Santosh\eclipse\java-2020-09\eclipse\configuration\org.eclipse.osgi\215\0\.cp\lib\javaagent-shaded.jar -Dfile.encoding=Cp1252 loops.TableFrom

Host: Intel(R) Core(TM) i3-2350M CPU @ 2.30GHz, 4 cores, 3G,  Windows 10 , 64 bit Build 19041 (10.0.19041.292)
Time: Wed Oct 14 19:54:30 2020 India Standard Time elapsed time: 370 seconds (0d 0h 6m 10s)

---------------  T H R E A D  ---------------

Current thread (0x00000163644b9000):  VMThread "VM Thread" [stack: 0x0000000425600000,0x0000000425700000] [id=11808]

Stack: [0x0000000425600000,0x0000000425700000],  sp=0x00000004256ff010,  free space=1020k
Native frames: (J=compiled Java code, j=interpreted, Vv=VM code, C=native code)
V  [jvm.dll+0x319a4c]
V  [jvm.dll+0x31bb02]
V  [jvm.dll+0x31c47e]
V  [jvm.dll+0x319cec]
V  [jvm.dll+0x318f22]
V  [jvm.dll+0x5f12e5]
V  [jvm.dll+0x5f106d]
V  [jvm.dll+0x5b9053]
V  [jvm.dll+0x4d62d1]
V  [jvm.dll+0x74007c]
V  [jvm.dll+0x73e397]
V  [jvm.dll+0x73ebc0]
V  [jvm.dll+0x73eed7]
V  [jvm.dll+0x6f845c]
V  [jvm.dll+0x600d66]
C  [ucrtbase.dll+0x21542]
C  [KERNEL32.DLL+0x16fd4]
C  [ntdll.dll+0x4cec1]


siginfo: EXCEPTION_ACCESS_VIOLATION (0xc0000005), reading address 0x0000000000000006


Register to memory mapping:

RIP=0x00007ffa94f89a4c jvm.dll
RAX=0x0 is NULL
RBX=0x00000004256ff2d0 points into unknown readable memory: a8 20 4f 95 fa 7f 00 00
RCX=0x0 is NULL
RDX=0x0 is NULL
RSP=0x00000004256ff010 points into unknown readable memory: 10 f1 6f 25 04 00 00 00
RBP=0x0000000000000001 is an unknown value
RSI=0x0000000000000001 is an unknown value
RDI=0x00007ffa956857a8 jvm.dll
R8 =0x0 is NULL
R9 =0x0000016364348080 is pointing into metadata
R10=0x000001634787e584 points into unknown readable memory: 00 00 00 47
R11=0x000001634787e520 points into unknown readable memory: 00 00 00 47 ff ff ff 2f
R12=0x000001634787e4a8 points into unknown readable memory: 00 2c 15 50 07 00 00 00
R13=0x0000000000000028 is an unknown value
R14=0x00000163643483f8 is pointing into metadata
R15=0x0000000000000025 is an unknown value


Registers:
RAX=0x0000000000000000, RBX=0x00000004256ff2d0, RCX=0x0000000000000000, RDX=0x0000000000000000
RSP=0x00000004256ff010, RBP=0x0000000000000001, RSI=0x0000000000000001, RDI=0x00007ffa956857a8
R8 =0x0000000000000000, R9 =0x0000016364348080, R10=0x000001634787e584, R11=0x000001634787e520
R12=0x000001634787e4a8, R13=0x0000000000000028, R14=0x00000163643483f8, R15=0x0000000000000025
RIP=0x00007ffa94f89a4c, EFLAGS=0x0000000000010206

Top of Stack: (sp=0x00000004256ff010)
0x00000004256ff010:   00000004256ff110 00007ffa94f9de0a
0x00000004256ff020:   00000004256ff2d0 00007ffa94f8cb13
0x00000004256ff030:   00000004256ff2d0 00007ffadfa06e2c
0x00000004256ff040:   00000004256ff0a0 00007ffa94f8dba2
0x00000004256ff050:   0000d9d131937435 00007ffa94d8869e
0x00000004256ff060:   00000163643483f8 00000004256ff130
0x00000004256ff070:   00000004256ff2d0 00007ffa94f8bb02
0x00000004256ff080:   00000000000000a4 0000000000000007
0x00000004256ff090:   0000000000000001 00007ffa94f8d3a0
0x00000004256ff0a0:   0000000000000007 00007ffa94f9de0a
0x00000004256ff0b0:   00000004256ff130 6666666666666667
0x00000004256ff0c0:   0000000000000000 00000163643483f8
0x00000004256ff0d0:   00000004256ff130 00007ffa94d82abe
0x00000004256ff0e0:   0000000000000025 00000163643483f8
0x00000004256ff0f0:   00000004256ff160 00000000000000a4
0x00000004256ff100:   6666666666666667 00007ffa94f8c47e 

Instructions: (pc=0x00007ffa94f89a4c)
0x00007ffa94f89a2c:   8b cf e8 7d 1c f2 ff 8b d0 48 8b cf e8 a3 4a f2
0x00007ffa94f89a3c:   ff 48 63 c8 48 8b 44 cf 40 48 8d 3d 5c bd 6f 00
0x00007ffa94f89a4c:   0f b6 48 06 8b 05 4e bd 6f 00 80 f9 4c 74 2b 80
0x00007ffa94f89a5c:   f9 5b 74 26 80 f9 4a 74 18 80 f9 44 74 13 80 f9 


Stack slot to memory mapping:
stack at sp + 0 slots: 0x00000004256ff110 points into unknown readable memory: 60 f1 6f 25 04 00 00 00
stack at sp + 1 slots: 0x00007ffa94f9de0a jvm.dll
stack at sp + 2 slots: 0x00000004256ff2d0 points into unknown readable memory: a8 20 4f 95 fa 7f 00 00
stack at sp + 3 slots: 0x00007ffa94f8cb13 jvm.dll
stack at sp + 4 slots: 0x00000004256ff2d0 points into unknown readable memory: a8 20 4f 95 fa 7f 00 00
stack at sp + 5 slots: 0x00007ffadfa06e2c ntdll.dll
stack at sp + 6 slots: 0x00000004256ff0a0 points into unknown readable memory: 07 00 00 00 00 00 00 00
stack at sp + 7 slots: 0x00007ffa94f8dba2 jvm.dll

VM_Operation (0x0000000425fff5a0): GetOrSetLocal, mode: safepoint, requested by thread 0x0000016364895800


---------------  P R O C E S S  ---------------

Threads class SMR info:
_java_thread_list=0x0000016364dd20e0, length=13, elements={
0x00000163477a5800, 0x00000163644f0800, 0x00000163644ba000, 0x0000016364548000,
0x0000016364549000, 0x000001636454d000, 0x0000016364500000, 0x0000016364557000,
0x00000163647c1000, 0x0000016364895800, 0x0000016364898800, 0x000001636486b800,
0x00000163649fa800
}

Java Threads: ( => current thread )
  0x00000163477a5800 JavaThread "main" [_thread_blocked, id=2044, stack(0x0000000425000000,0x0000000425100000)]
  0x00000163644f0800 JavaThread "Reference Handler" daemon [_thread_blocked, id=6216, stack(0x0000000425700000,0x0000000425800000)]
  0x00000163644ba000 JavaThread "Finalizer" daemon [_thread_blocked, id=9532, stack(0x0000000425800000,0x0000000425900000)]
  0x0000016364548000 JavaThread "Signal Dispatcher" daemon [_thread_blocked, id=9452, stack(0x0000000425900000,0x0000000425a00000)]
  0x0000016364549000 JavaThread "Attach Listener" daemon [_thread_blocked, id=14592, stack(0x0000000425a00000,0x0000000425b00000)]
  0x000001636454d000 JavaThread "C2 CompilerThread0" daemon [_thread_blocked, id=15252, stack(0x0000000425b00000,0x0000000425c00000)]
  0x0000016364500000 JavaThread "C1 CompilerThread0" daemon [_thread_blocked, id=6976, stack(0x0000000425c00000,0x0000000425d00000)]
  0x0000016364557000 JavaThread "Sweeper thread" daemon [_thread_blocked, id=532, stack(0x0000000425d00000,0x0000000425e00000)]
  0x00000163647c1000 JavaThread "Common-Cleaner" daemon [_thread_blocked, id=5744, stack(0x0000000425e00000,0x0000000425f00000)]
  0x0000016364895800 JavaThread "JDWP Transport Listener: dt_socket" daemon [_thread_blocked, id=6844, stack(0x0000000425f00000,0x0000000426000000)] _threads_hazard_ptr=0x0000016364dd20e0
  0x0000016364898800 JavaThread "JDWP Event Helper Thread" daemon [_thread_blocked, id=9744, stack(0x0000000426000000,0x0000000426100000)]
  0x000001636486b800 JavaThread "JDWP Command Reader" daemon [_thread_in_native, id=14868, stack(0x0000000426100000,0x0000000426200000)]
  0x00000163649fa800 JavaThread "Service Thread" daemon [_thread_blocked, id=14628, stack(0x0000000426300000,0x0000000426400000)]

Other Threads:
=>0x00000163644b9000 VMThread "VM Thread" [stack: 0x0000000425600000,0x0000000425700000] [id=11808]
  0x0000016364a05800 WatcherThread [stack: 0x0000000426400000,0x0000000426500000] [id=1912]
  0x00000163477bb800 GCTaskThread "GC Thread#0" [stack: 0x0000000425100000,0x0000000425200000] [id=7320]
  0x00000163477d7000 ConcurrentGCThread "G1 Main Marker" [stack: 0x0000000425200000,0x0000000425300000] [id=14012]
  0x00000163477de800 ConcurrentGCThread "G1 Conc#0" [stack: 0x0000000425300000,0x0000000425400000] [id=11076]
  0x0000016347834800 ConcurrentGCThread "G1 Refine#0" [stack: 0x0000000425400000,0x0000000425500000] [id=11764]
  0x0000016347835800 ConcurrentGCThread "G1 Young RemSet Sampling" [stack: 0x0000000425500000,0x0000000425600000] [id=13840]

Threads with active compile tasks:

VM state:at safepoint (normal execution)

VM Mutex/Monitor currently owned by a thread:  ([mutex/lock_event])
[0x000001634779fea0] Threads_lock - owner thread: 0x00000163644b9000

Heap address: 0x00000000c1600000, size: 1002 MB, Compressed Oops mode: 32-bit
Narrow klass base: 0x0000000000000000, Narrow klass shift: 3
Compressed class space size: 1073741824 Address: 0x0000000100000000

Heap:
 garbage-first heap   total 65536K, used 4096K [0x00000000c1600000, 0x0000000100000000)
  region size 1024K, 5 young (5120K), 0 survivors (0K)
 Metaspace       used 8738K, capacity 8866K, committed 9088K, reserved 1056768K
  class space    used 767K, capacity 802K, committed 896K, reserved 1048576K
Heap Regions: E=young(eden), S=young(survivor), O=old, HS=humongous(starts), HC=humongous(continues), CS=collection set, F=free, A=archive, TAMS=top-at-mark-start (previous, next)
|   0|0x00000000c1600000, 0x00000000c1600000, 0x00000000c1700000|  0%| F|  |TAMS 0x00000000c1600000, 0x00000000c1600000| Untracked 
|   1|0x00000000c1700000, 0x00000000c1700000, 0x00000000c1800000|  0%| F|  |TAMS 0x00000000c1700000, 0x00000000c1700000| Untracked 
|   2|0x00000000c1800000, 0x00000000c1800000, 0x00000000c1900000|  0%| F|  |TAMS 0x00000000c1800000, 0x00000000c1800000| Untracked 
|   3|0x00000000c1900000, 0x00000000c1900000, 0x00000000c1a00000|  0%| F|  |TAMS 0x00000000c1900000, 0x00000000c1900000| Untracked 
|   4|0x00000000c1a00000, 0x00000000c1a00000, 0x00000000c1b00000|  0%| F|  |TAMS 0x00000000c1a00000, 0x00000000c1a00000| Untracked 
|   5|0x00000000c1b00000, 0x00000000c1b00000, 0x00000000c1c00000|  0%| F|  |TAMS 0x00000000c1b00000, 0x00000000c1b00000| Untracked 
|   6|0x00000000c1c00000, 0x00000000c1c00000, 0x00000000c1d00000|  0%| F|  |TAMS 0x00000000c1c00000, 0x00000000c1c00000| Untracked 
|   7|0x00000000c1d00000, 0x00000000c1d00000, 0x00000000c1e00000|  0%| F|  |TAMS 0x00000000c1d00000, 0x00000000c1d00000| Untracked 
|   8|0x00000000c1e00000, 0x00000000c1e00000, 0x00000000c1f00000|  0%| F|  |TAMS 0x00000000c1e00000, 0x00000000c1e00000| Untracked 
|   9|0x00000000c1f00000, 0x00000000c1f00000, 0x00000000c2000000|  0%| F|  |TAMS 0x00000000c1f00000, 0x00000000c1f00000| Untracked 
|  10|0x00000000c2000000, 0x00000000c2000000, 0x00000000c2100000|  0%| F|  |TAMS 0x00000000c2000000, 0x00000000c2000000| Untracked 
|  11|0x00000000c2100000, 0x00000000c2100000, 0x00000000c2200000|  0%| F|  |TAMS 0x00000000c2100000, 0x00000000c2100000| Untracked 
|  12|0x00000000c2200000, 0x00000000c2200000, 0x00000000c2300000|  0%| F|  |TAMS 0x00000000c2200000, 0x00000000c2200000| Untracked 
|  13|0x00000000c2300000, 0x00000000c2300000, 0x00000000c2400000|  0%| F|  |TAMS 0x00000000c2300000, 0x00000000c2300000| Untracked 
|  14|0x00000000c2400000, 0x00000000c2400000, 0x00000000c2500000|  0%| F|  |TAMS 0x00000000c2400000, 0x00000000c2400000| Untracked 
|  15|0x00000000c2500000, 0x00000000c2500000, 0x00000000c2600000|  0%| F|  |TAMS 0x00000000c2500000, 0x00000000c2500000| Untracked 
|  16|0x00000000c2600000, 0x00000000c2600000, 0x00000000c2700000|  0%| F|  |TAMS 0x00000000c2600000, 0x00000000c2600000| Untracked 
|  17|0x00000000c2700000, 0x00000000c2700000, 0x00000000c2800000|  0%| F|  |TAMS 0x00000000c2700000, 0x00000000c2700000| Untracked 
|  18|0x00000000c2800000, 0x00000000c2800000, 0x00000000c2900000|  0%| F|  |TAMS 0x00000000c2800000, 0x00000000c2800000| Untracked 
|  19|0x00000000c2900000, 0x00000000c2900000, 0x00000000c2a00000|  0%| F|  |TAMS 0x00000000c2900000, 0x00000000c2900000| Untracked 
|  20|0x00000000c2a00000, 0x00000000c2a00000, 0x00000000c2b00000|  0%| F|  |TAMS 0x00000000c2a00000, 0x00000000c2a00000| Untracked 
|  21|0x00000000c2b00000, 0x00000000c2b00000, 0x00000000c2c00000|  0%| F|  |TAMS 0x00000000c2b00000, 0x00000000c2b00000| Untracked 
|  22|0x00000000c2c00000, 0x00000000c2c00000, 0x00000000c2d00000|  0%| F|  |TAMS 0x00000000c2c00000, 0x00000000c2c00000| Untracked 
|  23|0x00000000c2d00000, 0x00000000c2d00000, 0x00000000c2e00000|  0%| F|  |TAMS 0x00000000c2d00000, 0x00000000c2d00000| Untracked 
|  24|0x00000000c2e00000, 0x00000000c2e00000, 0x00000000c2f00000|  0%| F|  |TAMS 0x00000000c2e00000, 0x00000000c2e00000| Untracked 
|  25|0x00000000c2f00000, 0x00000000c2f00000, 0x00000000c3000000|  0%| F|  |TAMS 0x00000000c2f00000, 0x00000000c2f00000| Untracked 
|  26|0x00000000c3000000, 0x00000000c3000000, 0x00000000c3100000|  0%| F|  |TAMS 0x00000000c3000000, 0x00000000c3000000| Untracked 
|  27|0x00000000c3100000, 0x00000000c3100000, 0x00000000c3200000|  0%| F|  |TAMS 0x00000000c3100000, 0x00000000c3100000| Untracked 
|  28|0x00000000c3200000, 0x00000000c3200000, 0x00000000c3300000|  0%| F|  |TAMS 0x00000000c3200000, 0x00000000c3200000| Untracked 
|  29|0x00000000c3300000, 0x00000000c3300000, 0x00000000c3400000|  0%| F|  |TAMS 0x00000000c3300000, 0x00000000c3300000| Untracked 
|  30|0x00000000c3400000, 0x00000000c3400000, 0x00000000c3500000|  0%| F|  |TAMS 0x00000000c3400000, 0x00000000c3400000| Untracked 
|  31|0x00000000c3500000, 0x00000000c3500000, 0x00000000c3600000|  0%| F|  |TAMS 0x00000000c3500000, 0x00000000c3500000| Untracked 
|  32|0x00000000c3600000, 0x00000000c3600000, 0x00000000c3700000|  0%| F|  |TAMS 0x00000000c3600000, 0x00000000c3600000| Untracked 
|  33|0x00000000c3700000, 0x00000000c3700000, 0x00000000c3800000|  0%| F|  |TAMS 0x00000000c3700000, 0x00000000c3700000| Untracked 
|  34|0x00000000c3800000, 0x00000000c3800000, 0x00000000c3900000|  0%| F|  |TAMS 0x00000000c3800000, 0x00000000c3800000| Untracked 
|  35|0x00000000c3900000, 0x00000000c3900000, 0x00000000c3a00000|  0%| F|  |TAMS 0x00000000c3900000, 0x00000000c3900000| Untracked 
|  36|0x00000000c3a00000, 0x00000000c3a00000, 0x00000000c3b00000|  0%| F|  |TAMS 0x00000000c3a00000, 0x00000000c3a00000| Untracked 
|  37|0x00000000c3b00000, 0x00000000c3b00000, 0x00000000c3c00000|  0%| F|  |TAMS 0x00000000c3b00000, 0x00000000c3b00000| Untracked 
|  38|0x00000000c3c00000, 0x00000000c3c00000, 0x00000000c3d00000|  0%| F|  |TAMS 0x00000000c3c00000, 0x00000000c3c00000| Untracked 
|  39|0x00000000c3d00000, 0x00000000c3d00000, 0x00000000c3e00000|  0%| F|  |TAMS 0x00000000c3d00000, 0x00000000c3d00000| Untracked 
|  40|0x00000000c3e00000, 0x00000000c3e00000, 0x00000000c3f00000|  0%| F|  |TAMS 0x00000000c3e00000, 0x00000000c3e00000| Untracked 
|  41|0x00000000c3f00000, 0x00000000c3f00000, 0x00000000c4000000|  0%| F|  |TAMS 0x00000000c3f00000, 0x00000000c3f00000| Untracked 
|  42|0x00000000c4000000, 0x00000000c4000000, 0x00000000c4100000|  0%| F|  |TAMS 0x00000000c4000000, 0x00000000c4000000| Untracked 
|  43|0x00000000c4100000, 0x00000000c4100000, 0x00000000c4200000|  0%| F|  |TAMS 0x00000000c4100000, 0x00000000c4100000| Untracked 
|  44|0x00000000c4200000, 0x00000000c4200000, 0x00000000c4300000|  0%| F|  |TAMS 0x00000000c4200000, 0x00000000c4200000| Untracked 
|  45|0x00000000c4300000, 0x00000000c4300000, 0x00000000c4400000|  0%| F|  |TAMS 0x00000000c4300000, 0x00000000c4300000| Untracked 
|  46|0x00000000c4400000, 0x00000000c4400000, 0x00000000c4500000|  0%| F|  |TAMS 0x00000000c4400000, 0x00000000c4400000| Untracked 
|  47|0x00000000c4500000, 0x00000000c4500000, 0x00000000c4600000|  0%| F|  |TAMS 0x00000000c4500000, 0x00000000c4500000| Untracked 
|  48|0x00000000c4600000, 0x00000000c4600000, 0x00000000c4700000|  0%| F|  |TAMS 0x00000000c4600000, 0x00000000c4600000| Untracked 
|  49|0x00000000c4700000, 0x00000000c4700000, 0x00000000c4800000|  0%| F|  |TAMS 0x00000000c4700000, 0x00000000c4700000| Untracked 
|  50|0x00000000c4800000, 0x00000000c4800000, 0x00000000c4900000|  0%| F|  |TAMS 0x00000000c4800000, 0x00000000c4800000| Untracked 
|  51|0x00000000c4900000, 0x00000000c4900000, 0x00000000c4a00000|  0%| F|  |TAMS 0x00000000c4900000, 0x00000000c4900000| Untracked 
|  52|0x00000000c4a00000, 0x00000000c4a00000, 0x00000000c4b00000|  0%| F|  |TAMS 0x00000000c4a00000, 0x00000000c4a00000| Untracked 
|  53|0x00000000c4b00000, 0x00000000c4b00000, 0x00000000c4c00000|  0%| F|  |TAMS 0x00000000c4b00000, 0x00000000c4b00000| Untracked 
|  54|0x00000000c4c00000, 0x00000000c4c00000, 0x00000000c4d00000|  0%| F|  |TAMS 0x00000000c4c00000, 0x00000000c4c00000| Untracked 
|  55|0x00000000c4d00000, 0x00000000c4d00000, 0x00000000c4e00000|  0%| F|  |TAMS 0x00000000c4d00000, 0x00000000c4d00000| Untracked 
|  56|0x00000000c4e00000, 0x00000000c4e00000, 0x00000000c4f00000|  0%| F|  |TAMS 0x00000000c4e00000, 0x00000000c4e00000| Untracked 
|  57|0x00000000c4f00000, 0x00000000c4f00000, 0x00000000c5000000|  0%| F|  |TAMS 0x00000000c4f00000, 0x00000000c4f00000| Untracked 
|  58|0x00000000c5000000, 0x00000000c5000000, 0x00000000c5100000|  0%| F|  |TAMS 0x00000000c5000000, 0x00000000c5000000| Untracked 
|  59|0x00000000c5100000, 0x00000000c51951c0, 0x00000000c5200000| 58%| E|  |TAMS 0x00000000c5100000, 0x00000000c5100000| Complete 
|  60|0x00000000c5200000, 0x00000000c5300000, 0x00000000c5300000|100%| E|CS|TAMS 0x00000000c5200000, 0x00000000c5200000| Complete 
|  61|0x00000000c5300000, 0x00000000c5400000, 0x00000000c5400000|100%| E|CS|TAMS 0x00000000c5300000, 0x00000000c5300000| Complete 
|  62|0x00000000c5400000, 0x00000000c5500000, 0x00000000c5500000|100%| E|CS|TAMS 0x00000000c5400000, 0x00000000c5400000| Complete 
|  63|0x00000000c5500000, 0x00000000c5600000, 0x00000000c5600000|100%| E|CS|TAMS 0x00000000c5500000, 0x00000000c5500000| Complete 

Card table byte_map: [0x000001635f3e0000,0x000001635f5e0000] _byte_map_base: 0x000001635edd5000

Marking Bits (Prev, Next): (CMBitMap*) 0x00000163477d2628, (CMBitMap*) 0x00000163477d2660
 Prev Bits: [0x000001635f7e0000, 0x0000016360788000)
 Next Bits: [0x0000016360790000, 0x0000016361738000)

Polling page: 0x0000016345f00000

Metaspace:

Usage:
  Non-class:      7.88 MB capacity,     7.78 MB ( 99%) used,    87.22 KB (  1%) free+waste,     6.38 KB ( <1%) overhead. 
      Class:    802.00 KB capacity,   767.60 KB ( 96%) used,    31.96 KB (  4%) free+waste,     2.44 KB ( <1%) overhead. 
       Both:      8.66 MB capacity,     8.53 MB ( 99%) used,   119.18 KB (  1%) free+waste,     8.81 KB ( <1%) overhead. 

Virtual space:
  Non-class space:        8.00 MB reserved,       8.00 MB (100%) committed 
      Class space:        1.00 GB reserved,     896.00 KB ( <1%) committed 
             Both:        1.01 GB reserved,       8.88 MB ( <1%) committed 

Chunk freelists:
   Non-Class:  0 bytes
       Class:  3.75 KB
        Both:  3.75 KB

CodeHeap 'non-profiled nmethods': size=120064Kb used=100Kb max_used=100Kb free=119964Kb
 bounds [0x0000016357680000, 0x00000163578f0000, 0x000001635ebc0000]
CodeHeap 'profiled nmethods': size=120000Kb used=518Kb max_used=518Kb free=119481Kb
 bounds [0x0000016350150000, 0x00000163503c0000, 0x0000016357680000]
CodeHeap 'non-nmethods': size=5696Kb used=1149Kb max_used=1163Kb free=4547Kb
 bounds [0x000001634fbc0000, 0x000001634fe30000, 0x0000016350150000]
 total_blobs=728 nmethods=371 adapters=277
 compilation: enabled
              stopped_count=0, restarted_count=0
 full_count=0

Compilation events (10 events):
Event: 125.493 Thread 0x0000016364500000  367       3       org.eclipse.jdt.launching.internal.org.objectweb.asm.ClassReader::readUnsignedShort (26 bytes)
Event: 125.493 Thread 0x0000016364500000 nmethod 367 0x00000163501cf690 code [0x00000163501cf840, 0x00000163501cf9f8]
Event: 171.755 Thread 0x0000016364500000  368       3       org.eclipse.jdt.launching.internal.org.objectweb.asm.ClassReader::readUtf (44 bytes)
Event: 171.759 Thread 0x0000016364500000 nmethod 368 0x00000163501cfb10 code [0x00000163501cfd00, 0x00000163501d01f0]
Event: 368.486 Thread 0x0000016364500000  369       3       java.lang.String::<init> (74 bytes)
Event: 368.490 Thread 0x0000016364500000 nmethod 369 0x00000163501d0490 code [0x00000163501d06a0, 0x00000163501d0d80]
Event: 368.490 Thread 0x0000016364500000  370       3       java.lang.StringUTF16::compress (20 bytes)
Event: 368.490 Thread 0x0000016364500000 nmethod 370 0x00000163501d1010 code [0x00000163501d11c0, 0x00000163501d1450]
Event: 368.490 Thread 0x0000016364500000  371       3       org.eclipse.jdt.launching.internal.org.objectweb.asm.ClassReader::getItem (7 bytes)
Event: 368.491 Thread 0x0000016364500000 nmethod 371 0x00000163501d1510 code [0x00000163501d16c0, 0x00000163501d1858]

GC Heap History (0 events):
No events

Deoptimization events (2 events):
Event: 0.551 Thread 0x00000163477a5800 Uncommon trap: reason=unstable_if action=reinterpret pc=0x000001635768cf30 method=java.util.HashMap.putVal(ILjava/lang/Object;Ljava/lang/Object;ZZ)Ljava/lang/Object; @ 181 c2
Event: 0.692 Thread 0x00000163477a5800 Uncommon trap: reason=unstable_if action=reinterpret pc=0x000001635768de78 method=java.lang.String.isLatin1()Z @ 10 c2

Classes redefined (3 events):
Event: 125.498 Thread 0x00000163644b9000 redefined class name=loops.TableFrom, count=1
Event: 171.757 Thread 0x00000163644b9000 redefined class name=loops.TableFrom, count=2
Event: 368.489 Thread 0x00000163644b9000 redefined class name=loops.TableFrom, count=3

Internal exceptions (0 events):
No events

Events (10 events):
Event: 370.407 Executing VM operation: GetOwnedMonitorInfo done
Event: 370.407 Executing VM operation: GetCurrentContendedMonitor
Event: 370.407 Executing VM operation: GetCurrentContendedMonitor done
Event: 370.585 Executing VM operation: GetFrameCount
Event: 370.585 Executing VM operation: GetFrameCount done
Event: 370.585 Executing VM operation: GetOwnedMonitorInfo
Event: 370.585 Executing VM operation: GetOwnedMonitorInfo done
Event: 370.585 Executing VM operation: GetCurrentContendedMonitor
Event: 370.586 Executing VM operation: GetCurrentContendedMonitor done
Event: 370.587 Executing VM operation: GetOrSetLocal


Dynamic libraries:
0x00007ff66f620000 - 0x00007ff66f62f000 	C:\Program Files\Java\jdk-11.0.8\bin\javaw.exe
0x00007ffadf9f0000 - 0x00007ffadfbe5000 	C:\Windows\SYSTEM32\ntdll.dll
0x00007ffadea90000 - 0x00007ffadeb4d000 	C:\Windows\System32\KERNEL32.DLL
0x00007ffadd2d0000 - 0x00007ffadd597000 	C:\Windows\System32\KERNELBASE.dll
0x00007ffadd760000 - 0x00007ffadd860000 	C:\Windows\System32\ucrtbase.dll
0x00007ffab7bb0000 - 0x00007ffab7bc8000 	C:\Program Files\Java\jdk-11.0.8\bin\jli.dll
0x00007ffadf720000 - 0x00007ffadf7ca000 	C:\Windows\System32\ADVAPI32.dll
0x00007ffadf7f0000 - 0x00007ffadf88e000 	C:\Windows\System32\msvcrt.dll
0x00007ffaddae0000 - 0x00007ffaddb7b000 	C:\Windows\System32\sechost.dll
0x00007ffadf3a0000 - 0x00007ffadf4c3000 	C:\Windows\System32\RPCRT4.dll
0x00007ffadde10000 - 0x00007ffaddfb0000 	C:\Windows\System32\USER32.dll
0x00007ffadd220000 - 0x00007ffadd242000 	C:\Windows\System32\win32u.dll
0x00007ffadf6f0000 - 0x00007ffadf71a000 	C:\Windows\System32\GDI32.dll
0x00007ffacb950000 - 0x00007ffacbbea000 	C:\Windows\WinSxS\amd64_microsoft.windows.common-controls_6595b64144ccf1df_6.0.19041.1_none_b555e41d4684ddec\COMCTL32.dll
0x00007ffadd650000 - 0x00007ffadd75a000 	C:\Windows\System32\gdi32full.dll
0x00007ffadd9c0000 - 0x00007ffadda5d000 	C:\Windows\System32\msvcp_win.dll
0x00007ffabb8d0000 - 0x00007ffabb8e5000 	C:\Program Files\Java\jdk-11.0.8\bin\VCRUNTIME140.dll
0x00007ffad2470000 - 0x00007ffad247a000 	C:\Windows\SYSTEM32\VERSION.dll
0x00007ffadf530000 - 0x00007ffadf560000 	C:\Windows\System32\IMM32.DLL
0x00007ffab4c50000 - 0x00007ffab4ceb000 	C:\Program Files\Java\jdk-11.0.8\bin\msvcp140.dll
0x00007ffa94c70000 - 0x00007ffa95756000 	C:\Program Files\Java\jdk-11.0.8\bin\server\jvm.dll
0x00007ffadda60000 - 0x00007ffadda68000 	C:\Windows\System32\PSAPI.DLL
0x00007ffac7c20000 - 0x00007ffac7c47000 	C:\Windows\SYSTEM32\WINMM.dll
0x00007ffacc600000 - 0x00007ffacc609000 	C:\Windows\SYSTEM32\WSOCK32.dll
0x00007ffade420000 - 0x00007ffade48b000 	C:\Windows\System32\WS2_32.dll
0x00007ffadb0c0000 - 0x00007ffadb0d3000 	C:\Windows\SYSTEM32\kernel.appcore.dll
0x00007ffacbf30000 - 0x00007ffacbf40000 	C:\Program Files\Java\jdk-11.0.8\bin\verify.dll
0x00007ffac7c60000 - 0x00007ffac7e44000 	C:\Windows\SYSTEM32\DBGHELP.DLL
0x00007ffac2330000 - 0x00007ffac235c000 	C:\Windows\SYSTEM32\dbgcore.DLL
0x00007ffadd250000 - 0x00007ffadd2cf000 	C:\Windows\System32\bcryptPrimitives.dll
0x00007ffab7b80000 - 0x00007ffab7ba8000 	C:\Program Files\Java\jdk-11.0.8\bin\java.dll
0x00007ffac8b10000 - 0x00007ffac8b1a000 	C:\Program Files\Java\jdk-11.0.8\bin\jimage.dll
0x00007ffabb900000 - 0x00007ffabb938000 	C:\Program Files\Java\jdk-11.0.8\bin\jdwp.dll
0x00007ffacf2d0000 - 0x00007ffacf2de000 	C:\Program Files\Java\jdk-11.0.8\bin\instrument.dll
0x00007ffab7b60000 - 0x00007ffab7b76000 	C:\Program Files\Java\jdk-11.0.8\bin\zip.dll
0x00007ffadeb50000 - 0x00007ffadf290000 	C:\Windows\System32\SHELL32.dll
0x00007ffadb2c0000 - 0x00007ffadba51000 	C:\Windows\SYSTEM32\windows.storage.dll
0x00007ffade5b0000 - 0x00007ffade903000 	C:\Windows\System32\combase.dll
0x00007ffadcaf0000 - 0x00007ffadcb1c000 	C:\Windows\SYSTEM32\Wldp.dll
0x00007ffadf290000 - 0x00007ffadf33e000 	C:\Windows\System32\SHCORE.dll
0x00007ffadf690000 - 0x00007ffadf6e5000 	C:\Windows\System32\shlwapi.dll
0x00007ffadd080000 - 0x00007ffadd09f000 	C:\Windows\SYSTEM32\profapi.dll
0x00007ffacf2c0000 - 0x00007ffacf2ca000 	C:\Program Files\Java\jdk-11.0.8\bin\dt_socket.dll
0x00007ffadc870000 - 0x00007ffadc8da000 	C:\Windows\System32\mswsock.dll
0x00007ffadc5a0000 - 0x00007ffadc66a000 	C:\Windows\SYSTEM32\DNSAPI.dll
0x00007ffadc560000 - 0x00007ffadc59b000 	C:\Windows\SYSTEM32\IPHLPAPI.DLL
0x00007ffade490000 - 0x00007ffade499000 	C:\Windows\System32\NSI.dll
0x00007ffad29c0000 - 0x00007ffad2a3f000 	C:\Windows\System32\fwpuclnt.dll
0x00007ffadd1f0000 - 0x00007ffadd217000 	C:\Windows\System32\bcrypt.dll
0x00007ffad27a0000 - 0x00007ffad27aa000 	C:\Windows\System32\rasadhlp.dll
0x00007ffab7b40000 - 0x00007ffab7b59000 	C:\Program Files\Java\jdk-11.0.8\bin\net.dll
0x00007ffad27c0000 - 0x00007ffad28c0000 	C:\Windows\SYSTEM32\WINHTTP.dll
0x00007ffab66b0000 - 0x00007ffab66c2000 	C:\Program Files\Java\jdk-11.0.8\bin\nio.dll

dbghelp: loaded successfully - version: 4.0.5 - missing functions: none
symbol engine: initialized successfully - sym options: 0x614 - pdb path: .;C:\Program Files\Java\jdk-11.0.8\bin;C:\Windows\SYSTEM32;C:\Windows\WinSxS\amd64_microsoft.windows.common-controls_6595b64144ccf1df_6.0.19041.1_none_b555e41d4684ddec;C:\Program Files\Java\jdk-11.0.8\bin\server

VM Arguments:
jvm_args: -agentlib:jdwp=transport=dt_socket,suspend=y,address=localhost:59951 -javaagent:C:\Users\Santosh\eclipse\java-2020-09\eclipse\configuration\org.eclipse.osgi\215\0\.cp\lib\javaagent-shaded.jar -Dfile.encoding=Cp1252 
java_command: loops.TableFrom
java_class_path (initial): C:\Users\Santosh\eclipse-workspace\datatype\bin
Launcher Type: SUN_STANDARD

[Global flags]
     intx CICompilerCount                          = 3                                         {product} {ergonomic}
     uint ConcGCThreads                            = 1                                         {product} {ergonomic}
     uint G1ConcRefinementThreads                  = 4                                         {product} {ergonomic}
   size_t G1HeapRegionSize                         = 1048576                                   {product} {ergonomic}
    uintx GCDrainStackTargetSize                   = 64                                        {product} {ergonomic}
   size_t InitialHeapSize                          = 67108864                                  {product} {ergonomic}
   size_t MarkStackSize                            = 4194304                                   {product} {ergonomic}
   size_t MaxHeapSize                              = 1050673152                                {product} {ergonomic}
   size_t MaxNewSize                               = 630194176                                 {product} {ergonomic}
   size_t MinHeapDeltaBytes                        = 1048576                                   {product} {ergonomic}
    uintx NonNMethodCodeHeapSize                   = 5830732                                {pd product} {ergonomic}
    uintx NonProfiledCodeHeapSize                  = 122913754                              {pd product} {ergonomic}
    uintx ProfiledCodeHeapSize                     = 122913754                              {pd product} {ergonomic}
    uintx ReservedCodeCacheSize                    = 251658240                              {pd product} {ergonomic}
     bool SegmentedCodeCache                       = true                                      {product} {ergonomic}
     bool UseCompressedClassPointers               = true                                 {lp64_product} {ergonomic}
     bool UseCompressedOops                        = true                                 {lp64_product} {ergonomic}
     bool UseG1GC                                  = true                                      {product} {ergonomic}
     bool UseLargePagesIndividualAllocation        = false                                  {pd product} {ergonomic}

Logging:
Log output configuration:
 #0: stdout all=warning uptime,level,tags
 #1: stderr all=off uptime,level,tags

Environment Variables:
PATH=C:\Program Files\Common Files\Oracle\Java\javapath;C:\Windows\system32;C:\Windows;C:\Windows\System32\Wbem;C:\Windows\System32\WindowsPowerShell\v1.0\;C:\Windows\System32\OpenSSH\;C:\Program Files\Java\jdk-11.0.8\bin;C:\Users\Santosh\AppData\Local\Microsoft\WindowsApps;C:\adb;C:\Program Files\dotnet\;C:\Users\Santosh\AppData\Local\Microsoft\WindowsApps;C:\Program Files\Java\jdk-11.0.8\bin;
USERNAME=Santosh
OS=Windows_NT
PROCESSOR_IDENTIFIER=Intel64 Family 6 Model 42 Stepping 7, GenuineIntel



---------------  S Y S T E M  ---------------

OS: Windows 10 , 64 bit Build 19041 (10.0.19041.292)

CPU:total 4 (initial active 4) (2 cores per cpu, 2 threads per core) family 6 model 42 stepping 7, cmov, cx8, fxsr, mmx, sse, sse2, sse3, ssse3, sse4.1, sse4.2, popcnt, avx, clmul, ht, tsc, tscinvbit

Memory: 4k page, system-wide physical 4004M (1343M free)
TotalPageFile size 9060M (AvailPageFile size 5109M)
current process WorkingSet (physical memory assigned to process): 39M, peak: 41M
current process commit charge ("private bytes"): 134M, peak: 136M

vm_info: Java HotSpot(TM) 64-Bit Server VM (11.0.8+10-LTS) for windows-amd64 JRE (11.0.8+10-LTS), built on Jun 16 2020 05:53:08 by "mach5one" with unknown MS VC++:1916

END.
